Game Design Final/Library/Bee/Android/Prj/Mono2x/Gradle/launcher/build/intermediates/manifest_merge_blame_file/release/manifest-merger-blame-release-report.txt
1<?xml version="1.0" encoding="utf-8"?>
2<manifest xmlns:android="http://schemas.android.com/apk/res/android"
3    package="com.DefaultCompany.GDProt"
4    android:installLocation="preferExternal"
5    android:versionCode="1"
6    android:versionName="1.0" >
7
8    <uses-sdk
9        android:minSdkVersion="22"
9-->src\main\AndroidManifest.xml
10        android:targetSdkVersion="30" />
10-->src\main\AndroidManifest.xml
11
12    <supports-screens
12-->src\main\AndroidManifest.xml:3:3-163
13        android:anyDensity="true"
13-->src\main\AndroidManifest.xml:3:135-160
14        android:largeScreens="true"
14-->src\main\AndroidManifest.xml:3:78-105
15        android:normalScreens="true"
15-->src\main\AndroidManifest.xml:3:49-77
16        android:smallScreens="true"
16-->src\main\AndroidManifest.xml:3:21-48
17        android:xlargeScreens="true" />
17-->src\main\AndroidManifest.xml:3:106-134
18
19    <uses-feature android:glEsVersion="0x00020000" />
19-->[:unityLibrary] AndroidManifest.xml:12:5-54
19-->[:unityLibrary] AndroidManifest.xml:12:19-51
20
21    <uses-permission android:name="android.permission.INTERNET" />
21-->[:unityLibrary] AndroidManifest.xml:14:5-67
21-->[:unityLibrary] AndroidManifest.xml:14:22-64
22    <uses-permission android:name="android.permission.VIBRATE" />
22-->[:unityLibrary] AndroidManifest.xml:15:5-66
22-->[:unityLibrary] AndroidManifest.xml:15:22-63
23    <uses-permission android:name="android.permission.ACCESS_FINE_LOCATION" />
23-->[:unityLibrary] AndroidManifest.xml:16:5-79
23-->[:unityLibrary] AndroidManifest.xml:16:22-76
24
25    <uses-feature
25-->[:unityLibrary] AndroidManifest.xml:18:5-20:36
26        android:name="android.hardware.location.gps"
26-->[:unityLibrary] AndroidManifest.xml:19:9-53
27        android:required="false" />
27-->[:unityLibrary] AndroidManifest.xml:20:9-33
28    <uses-feature
28-->[:unityLibrary] AndroidManifest.xml:21:5-23:36
29        android:name="android.hardware.location"
29-->[:unityLibrary] AndroidManifest.xml:22:9-49
30        android:required="false" />
30-->[:unityLibrary] AndroidManifest.xml:23:9-33
31    <uses-feature
31-->[:unityLibrary] AndroidManifest.xml:24:5-26:36
32        android:name="android.hardware.sensor.accelerometer"
32-->[:unityLibrary] AndroidManifest.xml:25:9-61
33        android:required="false" />
33-->[:unityLibrary] AndroidManifest.xml:26:9-33
34    <uses-feature
34-->[:unityLibrary] AndroidManifest.xml:27:5-29:36
35        android:name="android.hardware.touchscreen"
35-->[:unityLibrary] AndroidManifest.xml:28:9-52
36        android:required="false" />
36-->[:unityLibrary] AndroidManifest.xml:29:9-33
37    <uses-feature
37-->[:unityLibrary] AndroidManifest.xml:30:5-32:36
38        android:name="android.hardware.touchscreen.multitouch"
38-->[:unityLibrary] AndroidManifest.xml:31:9-63
39        android:required="false" />
39-->[:unityLibrary] AndroidManifest.xml:32:9-33
40    <uses-feature
40-->[:unityLibrary] AndroidManifest.xml:33:5-35:36
41        android:name="android.hardware.touchscreen.multitouch.distinct"
41-->[:unityLibrary] AndroidManifest.xml:34:9-72
42        android:required="false" />
42-->[:unityLibrary] AndroidManifest.xml:35:9-33
43
44    <application
44-->src\main\AndroidManifest.xml:4:3-121
45        android:banner="@drawable/app_banner"
45-->src\main\AndroidManifest.xml:4:81-118
46        android:extractNativeLibs="true"
46-->[:unityLibrary] AndroidManifest.xml:38:9-41
47        android:icon="@mipmap/app_icon"
47-->src\main\AndroidManifest.xml:4:49-80
48        android:isGame="true"
48-->[:unityLibrary] AndroidManifest.xml:39:9-30
49        android:label="@string/app_name" >
49-->src\main\AndroidManifest.xml:4:16-48
50        <activity
50-->[:unityLibrary] AndroidManifest.xml:40:9-61:20
51            android:name="com.unity3d.player.UnityPlayerActivity"
51-->[:unityLibrary] AndroidManifest.xml:41:13-66
52            android:configChanges="mcc|mnc|locale|touchscreen|keyboard|keyboardHidden|navigation|orientation|screenLayout|uiMode|screenSize|smallestScreenSize|fontScale|layoutDirection|density"
52-->[:unityLibrary] AndroidManifest.xml:42:13-194
53            android:hardwareAccelerated="false"
53-->[:unityLibrary] AndroidManifest.xml:43:13-48
54            android:launchMode="singleTask"
54-->[:unityLibrary] AndroidManifest.xml:44:13-44
55            android:resizeableActivity="false"
55-->[:unityLibrary] AndroidManifest.xml:45:13-47
56            android:screenOrientation="landscape"
56-->[:unityLibrary] AndroidManifest.xml:46:13-50
57            android:theme="@style/UnityThemeSelector" >
57-->[:unityLibrary] AndroidManifest.xml:47:13-54
58            <intent-filter>
58-->[:unityLibrary] AndroidManifest.xml:48:13-53:29
59                <action android:name="android.intent.action.MAIN" />
59-->[:unityLibrary] AndroidManifest.xml:49:17-69
59-->[:unityLibrary] AndroidManifest.xml:49:25-66
60
61                <category android:name="android.intent.category.LAUNCHER" />
61-->[:unityLibrary] AndroidManifest.xml:51:17-77
61-->[:unityLibrary] AndroidManifest.xml:51:27-74
62                <category android:name="android.intent.category.LEANBACK_LAUNCHER" />
62-->[:unityLibrary] AndroidManifest.xml:52:17-86
62-->[:unityLibrary] AndroidManifest.xml:52:27-83
63            </intent-filter>
64
65            <meta-data
65-->[:unityLibrary] AndroidManifest.xml:55:13-57:40
66                android:name="unityplayer.UnityActivity"
66-->[:unityLibrary] AndroidManifest.xml:56:17-57
67                android:value="true" />
67-->[:unityLibrary] AndroidManifest.xml:57:17-37
68            <meta-data
68-->[:unityLibrary] AndroidManifest.xml:58:13-60:40
69                android:name="android.notch_support"
69-->[:unityLibrary] AndroidManifest.xml:59:17-53
70                android:value="true" />
70-->[:unityLibrary] AndroidManifest.xml:60:17-37
71        </activity>
72
73        <meta-data
73-->[:unityLibrary] AndroidManifest.xml:63:9-65:33
74            android:name="unity.splash-mode"
74-->[:unityLibrary] AndroidManifest.xml:64:13-45
75            android:value="0" />
75-->[:unityLibrary] AndroidManifest.xml:65:13-30
76        <meta-data
76-->[:unityLibrary] AndroidManifest.xml:66:9-68:36
77            android:name="unity.splash-enable"
77-->[:unityLibrary] AndroidManifest.xml:67:13-47
78            android:value="True" />
78-->[:unityLibrary] AndroidManifest.xml:68:13-33
79        <meta-data
79-->[:unityLibrary] AndroidManifest.xml:69:9-71:36
80            android:name="unity.launch-fullscreen"
80-->[:unityLibrary] AndroidManifest.xml:70:13-51
81            android:value="True" />
81-->[:unityLibrary] AndroidManifest.xml:71:13-33
82        <meta-data
82-->[:unityLibrary] AndroidManifest.xml:72:9-74:37
83            android:name="unity.allow-resizable-window"
83-->[:unityLibrary] AndroidManifest.xml:73:13-56
84            android:value="False" />
84-->[:unityLibrary] AndroidManifest.xml:74:13-34
85        <meta-data
85-->[:unityLibrary] AndroidManifest.xml:75:9-77:50
86            android:name="notch.config"
86-->[:unityLibrary] AndroidManifest.xml:76:13-40
87            android:value="portrait|landscape" />
87-->[:unityLibrary] AndroidManifest.xml:77:13-47
88    </application>
89
90</manifest>